#
# A fatal error has been detected by the Java Runtime Environment:
#
#  SIGSEGV (0xb) at pc=0x00000001081f248a, pid=1830, tid=42755
#
# JRE version: Java(TM) SE Runtime Environment (10.0.1+10) (build 10.0.1+10)
# Java VM: Java HotSpot(TM) 64-Bit Server VM (10.0.1+10, mixed mode, tiered, compressed oops, g1 gc, bsd-amd64)
# Problematic frame:
# C  [libjimage.dylib+0x248a]  _ZNK15ImageFileReader19find_location_indexEPKcPy+0x2c
#
# No core dump will be written. Core dumps have been disabled. To enable core dumping, try "ulimit -c unlimited" before starting Java again
#
# If you would like to submit a bug report, please visit:
#   http://bugreport.java.com/bugreport/crash.jsp
#

---------------  S U M M A R Y ------------

Command Line: -agentlib:jdwp=transport=dt_socket,suspend=y,address=localhost:49418 -javaagent:/Volumes/UsersData/Users/wongj4784/Desktop/Eclipse.app/Contents/Eclipse/configuration/org.eclipse.osgi/215/0/.cp/lib/javaagent-shaded.jar -Dfile.encoding=UTF-8 mapTest

Host: iMac18,1 x86_64 2300 MHz, 4 cores, 8G, Darwin 17.6.0
Time: Fri May 31 12:15:31 2019 EDT elapsed time: 23 seconds (0d 0h 0m 23s)

---------------  T H R E A D  ---------------

Current thread (0x00007ff48f008800):  JavaThread "Signal Dispatcher" daemon [_thread_in_vm, id=42755, stack(0x000070000a588000,0x000070000a688000)]

Stack: [0x000070000a588000,0x000070000a688000],  sp=0x000070000a686290,  free space=1016k
Native frames: (J=compiled Java code, A=aot compiled Java code, j=interpreted, Vv=VM code, C=native code)
C  [libjimage.dylib+0x248a]  _ZNK15ImageFileReader19find_location_indexEPKcPy+0x2c
C  [libjimage.dylib+0x2831]  JIMAGE_FindResource+0xd7
